<?xml version="1.0" encoding="UTF-8"?>
<!-- Generated by org.testng.reporters.JUnitReportReporter -->
<testsuite skipped="0" hostname="DESKTOP-ROLVGB9" name="org.test.Main" tests="1" failures="0" timestamp="08 Dec 2022 13:26:45 GMT" time="4.810" errors="0">
  <testcase name="test1" time="4.810" classname="org.test.Main"/>
</testsuite> <!-- org.test.Main -->
